#
# There is insufficient memory for the Java Runtime Environment to continue.
# Native memory allocation (mmap) failed to map 266338304 bytes for Failed to commit area from 0x0000000702c00000 to 0x0000000712a00000 of length 266338304.
# Possible reasons:
#   The system is out of physical RAM or swap space
#   The process is running with CompressedOops enabled, and the Java Heap may be blocking the growth of the native heap
# Possible solutions:
#   Reduce memory load on the system
#   Increase physical memory or swap space
#   Check if swap backing store is full
#   Decrease Java heap size (-Xmx/-Xms)
#   Decrease number of Java threads
#   Decrease Java thread stack sizes (-Xss)
#   Set larger code cache with -XX:ReservedCodeCacheSize=
# This output file may be truncated or incomplete.
#
#  Out of Memory Error (t:/workspace/open/src/hotspot/os/windows/os_windows.cpp:3254), pid=9768, tid=4192
#
# JRE version:  (12.0.1+12) (build )
# Java VM: Java HotSpot(TM) 64-Bit Server VM (12.0.1+12, mixed mode, aot, sharing, tiered, compressed oops, g1 gc, windows-amd64)
# No core dump will be written. Minidumps are not enabled by default on client versions of Windows
#

---------------  S U M M A R Y ------------

Command Line: -Xverify:none -XX:TieredStopAtLevel=1 -Dfile.encoding=windows-1251 -Duser.country=US -Duser.language=en -Duser.variant org.launchcode.hellospring.HelloSpringApplication

Host: Intel(R) Core(TM) i7-7700HQ CPU @ 2.80GHz, 8 cores, 15G,  Windows 10 , 64 bit Build 19041 (10.0.19041.2364)
Time: Wed Feb 15 15:58:16 2023 Central Standard Time elapsed time: 0 seconds (0d 0h 0m 0s)

---------------  T H R E A D  ---------------

Current thread (0x000001c91b553000):  JavaThread "Unknown thread" [_thread_in_vm, id=4192, stack(0x0000008c1f300000,0x0000008c1f400000)]

Stack: [0x0000008c1f300000,0x0000008c1f400000]
Native frames: (J=compiled Java code, j=interpreted, Vv=VM code, C=native code)
V  [jvm.dll+0x63948a]
V  [jvm.dll+0x78b31f]
V  [jvm.dll+0x78c9c1]
V  [jvm.dll+0x78d013]
V  [jvm.dll+0x262138]
V  [jvm.dll+0x63698a]
V  [jvm.dll+0x62b505]
V  [jvm.dll+0x31d9bc]
V  [jvm.dll+0x31d7ef]
V  [jvm.dll+0x323526]
V  [jvm.dll+0x370f76]
V  [jvm.dll+0x370750]
V  [jvm.dll+0x2f786a]
V  [jvm.dll+0x2f8af2]
V  [jvm.dll+0x7657b7]
V  [jvm.dll+0x766e95]
V  [jvm.dll+0x37f089]
V  [jvm.dll+0x749b14]
V  [jvm.dll+0x3ee48d]
V  [jvm.dll+0x3f03c1]
C  [jli.dll+0x51cf]
C  [ucrtbase.dll+0x21bb2]
C  [KERNEL32.DLL+0x17614]
C  [ntdll.dll+0x526a1]


---------------  P R O C E S S  ---------------

Threads class SMR info:
_java_thread_list=0x00007ffc658248e8, length=0, elements={
}

Java Threads: ( => current thread )

Other Threads:
  0x000001c91b5ba000 GCTaskThread "GC Thread#0" [stack: 0x0000008c1f400000,0x0000008c1f500000] [id=22336]
  0x000001c91b5d5800 ConcurrentGCThread "G1 Main Marker" [stack: 0x0000008c1f500000,0x0000008c1f600000] [id=22408]
  0x000001c91b5d8800 ConcurrentGCThread "G1 Conc#0" [stack: 0x0000008c1f600000,0x0000008c1f700000] [id=10460]

[error occurred during error reporting (printing all threads), id 0xc0000005, EXCEPTION_ACCESS_VIOLATION (0xc0000005) at pc=0x00007ffc65057a37]

VM state:not at safepoint (not fully initialized)

VM Mutex/Monitor currently owned by a thread:  ([mutex/lock_event])
[0x000001c91b54eb30] Heap_lock - owner thread: 0x000001c91b553000

Heap address: 0x0000000702c00000, size: 4052 MB, Compressed Oops mode: Non-zero based: 0x0000000702c00000
Narrow klass base: 0x0000000000000000, Narrow klass shift: 0

GC Heap History (0 events):
No events

Deoptimization events (0 events):
No events

Classes redefined (0 events):
No events

Internal exceptions (0 events):
No events

Events (0 events):
No events


Dynamic libraries:
0x00007ff7b0730000 - 0x00007ff7b073f000 	C:\Program Files\Java\jdk-12.0.1\bin\java.exe
0x00007ffca8cf0000 - 0x00007ffca8ee8000 	C:\WINDOWS\SYSTEM32\ntdll.dll
0x00007ffca86d0000 - 0x00007ffca878f000 	C:\WINDOWS\System32\KERNEL32.DLL
0x00007ffca66d0000 - 0x00007ffca69a2000 	C:\WINDOWS\System32\KERNELBASE.dll
0x00007ffca6c30000 - 0x00007ffca6d30000 	C:\WINDOWS\System32\ucrtbase.dll
0x00007ffc9c3b0000 - 0x00007ffc9c3c6000 	C:\Program Files\Java\jdk-12.0.1\bin\VCRUNTIME140.dll
0x00007ffca1940000 - 0x00007ffca1958000 	C:\Program Files\Java\jdk-12.0.1\bin\jli.dll
0x00007ffca8a50000 - 0x00007ffca8afe000 	C:\WINDOWS\System32\ADVAPI32.dll
0x00007ffca71b0000 - 0x00007ffca724e000 	C:\WINDOWS\System32\msvcrt.dll
0x00007ffca7250000 - 0x00007ffca72ec000 	C:\WINDOWS\System32\sechost.dll
0x00007ffca84f0000 - 0x00007ffca8615000 	C:\WINDOWS\System32\RPCRT4.dll
0x00007ffca8860000 - 0x00007ffca8a01000 	C:\WINDOWS\System32\USER32.dll
0x00007ffca6450000 - 0x00007ffca6472000 	C:\WINDOWS\System32\win32u.dll
0x00007ffc8dcf0000 - 0x00007ffc8df8a000 	C:\WINDOWS\WinSxS\amd64_microsoft.windows.common-controls_6595b64144ccf1df_6.0.19041.1110_none_60b5254171f9507e\COMCTL32.dll
0x00007ffca87a0000 - 0x00007ffca87cb000 	C:\WINDOWS\System32\GDI32.dll
0x00007ffca6af0000 - 0x00007ffca6bff000 	C:\WINDOWS\System32\gdi32full.dll
0x00007ffca64d0000 - 0x00007ffca656d000 	C:\WINDOWS\System32\msvcp_win.dll
0x00007ffc9bfb0000 - 0x00007ffc9bfba000 	C:\WINDOWS\SYSTEM32\VERSION.dll
0x00007ffca8a10000 - 0x00007ffca8a42000 	C:\WINDOWS\System32\IMM32.DLL
0x00007ffc69660000 - 0x00007ffc6970a000 	C:\Program Files\Java\jdk-12.0.1\bin\msvcp140.dll
0x00007ffc64d50000 - 0x00007ffc658c4000 	C:\Program Files\Java\jdk-12.0.1\bin\server\jvm.dll
0x00007ffca8790000 - 0x00007ffca8798000 	C:\WINDOWS\System32\PSAPI.DLL
0x00007ffc9b660000 - 0x00007ffc9b687000 	C:\WINDOWS\SYSTEM32\WINMM.dll
0x00007ffc9a1e0000 - 0x00007ffc9a1e9000 	C:\WINDOWS\SYSTEM32\WSOCK32.dll
0x00007ffca8b70000 - 0x00007ffca8bdb000 	C:\WINDOWS\System32\WS2_32.dll
0x00007ffca4c30000 - 0x00007ffca4c42000 	C:\WINDOWS\SYSTEM32\kernel.appcore.dll
0x00007ffc7fe80000 - 0x00007ffc7fe91000 	C:\Program Files\Java\jdk-12.0.1\bin\verify.dll
0x00007ffca3620000 - 0x00007ffca3804000 	C:\WINDOWS\SYSTEM32\DBGHELP.DLL
0x00007ffc96940000 - 0x00007ffc96975000 	C:\WINDOWS\SYSTEM32\dbgcore.DLL
0x00007ffca6a60000 - 0x00007ffca6ae2000 	C:\WINDOWS\System32\bcryptPrimitives.dll
0x00007ffc7fe00000 - 0x00007ffc7fe26000 	C:\Program Files\Java\jdk-12.0.1\bin\java.dll
0x00007ffc7f940000 - 0x00007ffc7f957000 	C:\Program Files\Java\jdk-12.0.1\bin\zip.dll
0x00007ffca3440000 - 0x00007ffca344a000 	C:\Program Files\Java\jdk-12.0.1\bin\jimage.dll

dbghelp: loaded successfully - version: 4.0.5 - missing functions: none
symbol engine: initialized successfully - sym options: 0x614 - pdb path: .;C:\Program Files\Java\jdk-12.0.1\bin;C:\WINDOWS\SYSTEM32;C:\WINDOWS\WinSxS\amd64_microsoft.windows.common-controls_6595b64144ccf1df_6.0.19041.1110_none_60b5254171f9507e;C:\Program Files\Java\jdk-12.0.1\bin\server

VM Arguments:
jvm_args: -Xverify:none -XX:TieredStopAtLevel=1 -Dfile.encoding=windows-1251 -Duser.country=US -Duser.language=en -Duser.variant 
java_command: org.launchcode.hellospring.HelloSpringApplication
java_class_path (initial): C:\LaunchCode\hello-spring\build\classes\java\main;C:\LaunchCode\hello-spring\build\resources\main;C:\Users\Constantine\.gradle\caches\modules-2\files-2.1\org.springframework.boot\spring-boot-devtools\2.7.8\963bc838a51a9271bcb71af51f58d761d4b13cda\spring-boot-devtools-2.7.8.jar;C:\Users\Constantine\.gradle\caches\modules-2\files-2.1\org.springframework.boot\spring-boot-autoconfigure\2.7.8\cb835d82d00116e907d341d11096c3476ab49721\spring-boot-autoconfigure-2.7.8.jar;C:\Users\Constantine\.gradle\caches\modules-2\files-2.1\org.springframework.boot\spring-boot\2.7.8\8db5af0f1171bb402c27a85fe97d741bddaa6fee\spring-boot-2.7.8.jar;C:\Users\Constantine\.gradle\caches\modules-2\files-2.1\org.apache.tomcat.embed\tomcat-embed-el\9.0.71\8fe43848c27ec921c8c5d6dcbd8b959076d7bf99\tomcat-embed-el-9.0.71.jar;C:\Users\Constantine\.gradle\caches\modules-2\files-2.1\org.hibernate.validator\hibernate-validator\6.2.5.Final\a68959c06e5f8ff45faff469aa16f232c04af620\hibernate-validator-6.2.5.Final.jar;C:\Users\Constantine\.gradle\caches\modules-2\files-2.1\org.springframework\spring-webmvc\5.3.25\62a8258bcc4f7a58dd69af5140481b64653c90\spring-webmvc-5.3.25.jar;C:\Users\Constantine\.gradle\caches\modules-2\files-2.1\org.springframework\spring-web\5.3.25\c69815e7931cd3ce7f19cc8028fd1c36626120d6\spring-web-5.3.25.jar;C:\Users\Constantine\.gradle\caches\modules-2\files-2.1\org.thymeleaf\thymeleaf-spring5\3.0.15.RELEASE\7170e1bcd1588d38c139f7048ebcc262676441c3\thymeleaf-spring5-3.0.15.RELEASE.jar;C:\Users\Constantine\.gradle\caches\modules-2\files-2.1\org.thymeleaf.extras\thymeleaf-extras-java8time\3.0.4.RELEASE\36e7175ddce36c486fff4578b5af7bb32f54f5df\thymeleaf-extras-java8time-3.0.4.RELEASE.jar;C:\Users\Constantine\.gradle\caches\modules-2\files-2.1\org.springframework\spring-context\5.3.25\268a70ce4f44333ce0f13304c5f8c53b3df5f5f4\spring-context-5.3.25.jar;C:\Users\Constantine\.gradle\caches\modules-2\files-2.1\org.springframework\spring-aop\5.3.25\722e30759b29331726
Launcher Type: SUN_STANDARD

[Global flags]
     bool BytecodeVerificationLocal                = false                                     {product} {command line}
     bool BytecodeVerificationRemote               = false                                     {product} {command line}
     intx CICompilerCount                          = 4                                         {product} {ergonomic}
     uint ConcGCThreads                            = 2                                         {product} {ergonomic}
     uint G1ConcRefinementThreads                  = 8                                         {product} {ergonomic}
   size_t G1HeapRegionSize                         = 1048576                                   {product} {ergonomic}
    uintx GCDrainStackTargetSize                   = 64                                        {product} {ergonomic}
   size_t InitialHeapSize                          = 266338304                                 {product} {ergonomic}
   size_t MarkStackSize                            = 4194304                                   {product} {ergonomic}
   size_t MaxHeapSize                              = 4248829952                                {product} {ergonomic}
   size_t MinHeapDeltaBytes                        = 1048576                                   {product} {ergonomic}
    uintx NonNMethodCodeHeapSize                   = 7549744                                {pd product} {ergonomic}
    uintx NonProfiledCodeHeapSize                  = 244108496                              {pd product} {ergonomic}
    uintx ProfiledCodeHeapSize                     = 0                                      {pd product} {ergonomic}
    uintx ReservedCodeCacheSize                    = 251658240                              {pd product} {ergonomic}
     bool SegmentedCodeCache                       = true                                      {product} {ergonomic}
     intx TieredStopAtLevel                        = 1                                         {product} {command line}
     bool UseCompressedClassPointers               = true                                 {lp64_product} {ergonomic}
     bool UseCompressedOops                        = true                                 {lp64_product} {ergonomic}
     bool UseG1GC                                  = true                                      {product} {ergonomic}
     bool UseLargePagesIndividualAllocation        = false                                  {pd product} {ergonomic}

Logging:
Log output configuration:
 #0: stdout all=warning uptime,level,tags
 #1: stderr all=off uptime,level,tags

Environment Variables:
JAVA_HOME=C:\Program Files\Java\jre1.8.0_311
PATH=C:\Program Files\Java\jdk-11.0.16.1\bin;C:\Program Files\Common Files\Oracle\Java\javapath;C:\oraclexe\app\oracle\product\11.2.0\server\bin;C:\Program Files (x86)\Common Files\Oracle\Java\javapath;C:\ProgramData\Oracle\Java\javapath;C:\Program Files\Microsoft MPI\Bin\;C:\Program Files (x86)\Intel\iCLS Client\;C:\Program Files\Intel\iCLS Client\;C:\Windows\system32;C:\Windows;C:\Windows\System32\Wbem;C:\Windows\System32\WindowsPowerShell\v1.0\;C:\Program Files (x86)\Intel\Intel(R) Management Engine Components\DAL;C:\Program Files\Intel\Intel(R) Management Engine Components\DAL;C:\Program Files (x86)\Intel\Intel(R) Management Engine Components\IPT;C:\Program Files\Intel\Intel(R) Management Engine Components\IPT;C:\Program Files\Microsoft SQL Server\130\Tools\Binn\;C:\Program Files\dotnet\;C:\Program Files\Microsoft SQL Server\Client SDK\ODBC\130\Tools\Binn\;C:\Program Files (x86)\Microsoft SQL Server\130\Tools\Binn\;C:\Program Files\Microsoft SQL Server\130\DTS\Binn\;C:\Program Files (x86)\Microsoft SQL Server\Client SDK\ODBC\130\Tools\Binn\;C:\Program Files (x86)\Microsoft SQL Server\130\DTS\Binn\;C:\Program Files (x86)\Microsoft SQL Server\130\Tools\Binn\ManagementStudio\;C:\Program Files (x86)\IVI Foundation\VISA\WinNT\Bin;C:\WINDOWS\system32;C:\WINDOWS;C:\WINDOWS\System32\Wbem;C:\WINDOWS\System32\WindowsPowerShell\v1.0\;C:\Program Files\Microsoft VS Code\bin;C:\Program Files (x86)\dotnet\;C:\WINDOWS\System32\OpenSSH\;C:\Program Files (x86)\IncrediBuild;C:\Program Files\Microsoft SQL Server\Client SDK\ODBC\170\Tools\Binn\;C:\Utils\ffmpeg\bin;C:\Program Files (x86)\NVIDIA Corporation\PhysX\Common;C:\opt\apache-maven-3.8.3\bin;C:\Users\Constantine\AppData\Local\Android\Sdk\emulator;C:\Users\Constantine\AppData\Local\Android\Sdk\platform-tools;C:\Users\Constantine\AppData\Local\Android\Sdk\tools;C:\Users\Constantine\AppData\Local\Android\Sdk\tools\bin;C:\Ira\ChromeDriver;C:\Program Files\TortoiseGit\bin;C:\Program Files\Calibre2\;C:\Program Files\Git\cmd;C:\Program 
USERNAME=Constantine
OS=Windows_NT
PROCESSOR_IDENTIFIER=Intel64 Family 6 Model 158 Stepping 9, GenuineIntel



---------------  S Y S T E M  ---------------

OS: Windows 10 , 64 bit Build 19041 (10.0.19041.2364)

CPU:total 8 (initial active 8) (4 cores per cpu, 2 threads per core) family 6 model 158 stepping 9, cmov, cx8, fxsr, mmx, sse, sse2, sse3, ssse3, sse4.1, sse4.2, popcnt, avx, avx2, aes, clmul, erms, 3dnowpref, lzcnt, ht, tsc, tscinvbit, bmi1, bmi2, adx, fma

Memory: 4k page, system-wide physical 16201M (4700M free)
TotalPageFile size 19201M (AvailPageFile size 111M)
current process WorkingSet (physical memory assigned to process): 10M, peak: 10M
current process commit charge ("private bytes"): 58M, peak: 312M

vm_info: Java HotSpot(TM) 64-Bit Server VM (12.0.1+12) for windows-amd64 JRE (12.0.1+12), built on Apr  2 2019 14:02:19 by "mach5one" with MS VC++ 15.5 (VS2017)

END.
